-------------------------------------------------------------------------------
Test set: com.bezkoder.spring.hibernate.onetomany.SpringBootOneToManyApplicationTests
-------------------------------------------------------------------------------
Tests run: 1, Failures: 0, Errors: 1, Skipped: 0, Time elapsed: 0.207 s <<< FAILURE! - in com.bezkoder.spring.hibernate.onetomany.SpringBootOneToManyApplicationTests
com.bezkoder.spring.hibernate.onetomany.SpringBootOneToManyApplicationTests  Time elapsed: 0.207 s  <<< ERROR!
java.lang.IllegalStateException: Unable to find a @SpringBootConfiguration, you need to use @ContextConfiguration or @SpringBootTest(classes=...) with your test

